Using pre-set license
Built from '2021.3/staging' branch; Version is '2021.3.6f1 (7da38d85baf6) revision 8233869'; Using compiler version '192829333'; Build Type 'Release'
OS: 'Windows 10  (10.0.19044) 64bit Professional' Language: 'ko' Physical Memory: 16221 MB
BatchMode: 1, IsHumanControllingUs: 0, StartBugReporterOnCrash: 0, Is64bit: 1, IsPro: 1

COMMAND LINE ARGUMENTS:
C:\Program Files\Unity\Hub\Editor\2021.3.6f1\Editor\Unity.exe
-adb2
-batchMode
-noUpm
-name
AssetImportWorker1
-projectPath
D:/UnityClass/GameGraphic/GameGraphic/GameGraphic
-logFile
Logs/AssetImportWorker1.log
-srvPort
53482
Successfully changed project path to: D:/UnityClass/GameGraphic/GameGraphic/GameGraphic
D:/UnityClass/GameGraphic/GameGraphic/GameGraphic
[UnityMemory] Configuration Parameters - Can be set up in boot.config
    "memorysetup-bucket-allocator-granularity=16"
    "memorysetup-bucket-allocator-bucket-count=8"
    "memorysetup-bucket-allocator-block-size=33554432"
    "memorysetup-bucket-allocator-block-count=8"
    "memorysetup-main-allocator-block-size=16777216"
    "memorysetup-thread-allocator-block-size=16777216"
    "memorysetup-gfx-main-allocator-block-size=16777216"
    "memorysetup-gfx-thread-allocator-block-size=16777216"
    "memorysetup-cache-allocator-block-size=4194304"
    "memorysetup-typetree-allocator-block-size=2097152"
    "memorysetup-profiler-bucket-allocator-granularity=16"
    "memorysetup-profiler-bucket-allocator-bucket-count=8"
    "memorysetup-profiler-bucket-allocator-block-size=33554432"
    "memorysetup-profiler-bucket-allocator-block-count=8"
    "memorysetup-profiler-allocator-block-size=16777216"
    "memorysetup-profiler-editor-allocator-block-size=1048576"
    "memorysetup-temp-allocator-size-main=16777216"
    "memorysetup-job-temp-allocator-block-size=2097152"
    "memorysetup-job-temp-allocator-block-size-background=1048576"
    "memorysetup-job-temp-allocator-reduction-small-platforms=262144"
    "memorysetup-temp-allocator-size-background-worker=32768"
    "memorysetup-temp-allocator-size-job-worker=262144"
    "memorysetup-temp-allocator-size-preload-manager=33554432"
    "memorysetup-temp-allocator-size-nav-mesh-worker=65536"
    "memorysetup-temp-allocator-size-audio-worker=65536"
    "memorysetup-temp-allocator-size-cloud-worker=32768"
    "memorysetup-temp-allocator-size-gi-baking-worker=262144"
    "memorysetup-temp-allocator-size-gfx=262144"
Refreshing native plugins compatible for Editor in 66.22 ms, found 3 plugins.
Preloading 0 native plugins for Editor in 0.00 ms.
Initialize engine version: 2021.3.6f1 (7da38d85baf6)
[Subsystems] Discovering subsystems at path C:/Program Files/Unity/Hub/Editor/2021.3.6f1/Editor/Data/Resources/UnitySubsystems
[Subsystems] Discovering subsystems at path D:/UnityClass/GameGraphic/GameGraphic/GameGraphic/Assets
GfxDevice: creating device client; threaded=0; jobified=0
Direct3D:
    Version:  Direct3D 11.0 [level 11.1]
    Renderer: NVIDIA GeForce GTX 1650 (ID=0x1f82)
    Vendor:   NVIDIA
    VRAM:     3962 MB
    Driver:   30.0.15.1215
Initialize mono
Mono path[0] = 'C:/Program Files/Unity/Hub/Editor/2021.3.6f1/Editor/Data/Managed'
Mono path[1] = 'C:/Program Files/Unity/Hub/Editor/2021.3.6f1/Editor/Data/MonoBleedingEdge/lib/mono/unityjit-win32'
Mono config path = 'C:/Program Files/Unity/Hub/Editor/2021.3.6f1/Editor/Data/MonoBleedingEdge/etc'
Using monoOptions --debugger-agent=transport=dt_socket,embedding=1,server=y,suspend=n,address=127.0.0.1:56836
Begin MonoManager ReloadAssembly
Registering precompiled unity dll's ...
Register platform support module: C:/Program Files/Unity/Hub/Editor/2021.3.6f1/Editor/Data/PlaybackEngines/AndroidPlayer/UnityEditor.Android.Extensions.dll
Register platform support module: C:/Program Files/Unity/Hub/Editor/2021.3.6f1/Editor/Data/PlaybackEngines/WindowsStandaloneSupport/UnityEditor.WindowsStandalone.Extensions.dll
Registered in 0.004335 seconds.
Native extension for WindowsStandalone target not found
Native extension for Android target not found
Refreshing native plugins compatible for Editor in 68.91 ms, found 3 plugins.
Preloading 0 native plugins for Editor in 0.00 ms.
Mono: successfully reloaded assembly
- Completed reload, in  0.517 seconds
Domain Reload Profiling:
	ReloadAssembly (517ms)
		BeginReloadAssembly (53ms)
			ExecutionOrderSort (0ms)
			DisableScriptedObjects (0ms)
			BackupInstance (0ms)
			ReleaseScriptingObjects (0ms)
			CreateAndSetChildDomain (1ms)
		EndReloadAssembly (380ms)
			LoadAssemblies (52ms)
			RebuildTransferFunctionScriptingTraits (0ms)
			SetupTypeCache (82ms)
			ReleaseScriptCaches (0ms)
			RebuildScriptCaches (21ms)
			SetupLoadedEditorAssemblies (237ms)
				LogAssemblyErrors (0ms)
				InitializePlatformSupportModulesInManaged (45ms)
				SetLoadedEditorAssemblies (2ms)
				RefreshPlugins (69ms)
				BeforeProcessingInitializeOnLoad (1ms)
				ProcessInitializeOnLoadAttributes (83ms)
				ProcessInitializeOnLoadMethodAttributes (37ms)
				AfterProcessingInitializeOnLoad (0ms)
				EditorAssembliesLoaded (0ms)
			ExecutionOrderSort2 (0ms)
			AwakeInstancesAfterBackupRestoration (0ms)
Platform modules already initialized, skipping
Registering precompiled user dll's ...
Registered in 0.002486 seconds.
Begin MonoManager ReloadAssembly
Symbol file LoadedFromMemory doesn't match image D:\UnityClass\GameGraphic\GameGraphic\GameGraphic\Library\PackageCache\com.unity.visualscripting@1.7.8\Editor\VisualScripting.Core\Dependencies\YamlDotNet\Unity.VisualScripting.YamlDotNet.dll
Symbol file LoadedFromMemory doesn't match image D:\UnityClass\GameGraphic\GameGraphic\GameGraphic\Library\PackageCache\com.unity.visualscripting@1.7.8\Editor\VisualScripting.Core\Dependencies\DotNetZip\Unity.VisualScripting.IonicZip.dll
Native extension for WindowsStandalone target not found
Native extension for Android target not found
Refreshing native plugins compatible for Editor in 0.60 ms, found 3 plugins.
Preloading 0 native plugins for Editor in 0.00 ms.
Mono: successfully reloaded assembly
- Completed reload, in  0.920 seconds
Domain Reload Profiling:
	ReloadAssembly (920ms)
		BeginReloadAssembly (183ms)
			ExecutionOrderSort (0ms)
			DisableScriptedObjects (4ms)
			BackupInstance (0ms)
			ReleaseScriptingObjects (0ms)
			CreateAndSetChildDomain (120ms)
		EndReloadAssembly (649ms)
			LoadAssemblies (59ms)
			RebuildTransferFunctionScriptingTraits (0ms)
			SetupTypeCache (205ms)
			ReleaseScriptCaches (0ms)
			RebuildScriptCaches (42ms)
			SetupLoadedEditorAssemblies (308ms)
				LogAssemblyErrors (0ms)
				InitializePlatformSupportModulesInManaged (10ms)
				SetLoadedEditorAssemblies (0ms)
				RefreshPlugins (1ms)
				BeforeProcessingInitializeOnLoad (71ms)
				ProcessInitializeOnLoadAttributes (186ms)
				ProcessInitializeOnLoadMethodAttributes (32ms)
				AfterProcessingInitializeOnLoad (7ms)
				EditorAssembliesLoaded (0ms)
			ExecutionOrderSort2 (0ms)
			AwakeInstancesAfterBackupRestoration (6ms)
Platform modules already initialized, skipping
========================================================================
Worker process is ready to serve import requests
Launched and connected shader compiler UnityShaderCompiler.exe after 0.03 seconds
Refreshing native plugins compatible for Editor in 0.62 ms, found 3 plugins.
Preloading 0 native plugins for Editor in 0.00 ms.
Unloading 3476 Unused Serialized files (Serialized files now loaded: 0)
Unloading 29 unused Assets / (183.3 KB). Loaded Objects now: 3937.
Memory consumption went from 123.0 MB to 122.8 MB.
Total: 2.713500 ms (FindLiveObjects: 0.299200 ms CreateObjectMapping: 0.142700 ms MarkObjects: 2.121100 ms  DeleteObjects: 0.148700 ms)

AssetImportParameters requested are different than current active one (requested -> active):
  custom:video-decoder-ogg-theora: a1e56fd34408186e4bbccfd4996cb3dc -> 
  custom:container-muxer-webm: aa71ff27fc2769a1b78a27578f13a17b -> 
  custom:container-demuxer-webm: 4f35f7cbe854078d1ac9338744f61a02 -> 
  custom:video-encoder-webm-vp8: eb34c28f22e8b96e1ab97ce403110664 -> 
  custom:audio-encoder-webm-vorbis: bf7c407c2cedff20999df2af8eb42d56 -> 
  custom:framework-win-MediaFoundation: 216162199b28c13a410421893ffa2e32 -> 
  custom:container-demuxer-ogg: 62fdf1f143b41e24485cea50d1cbac27 -> 
  custom:video-decoder-webm-vp8: 9c59270c3fd7afecdb556c50c9e8de78 -> 
  custom:audio-decoder-ogg-vorbis: bf7c407c2cedff20999df2af8eb42d56 -> 
========================================================================
Received Import Request.
  Time since last request: 433468.376388 seconds.
  path: Assets/EffectTexturesAndPrefabs/FBX/ShockWave_mesh.fbx
  artifactKey: Guid(611050965a7b66143b84e5b62ae17405) Importer(815301076,1909f56bfc062723c751e8b465ee728b)
Start importing Assets/EffectTexturesAndPrefabs/FBX/ShockWave_mesh.fbx using Guid(611050965a7b66143b84e5b62ae17405) Importer(815301076,1909f56bfc062723c751e8b465ee728b)  -> (artifact id: '7a24577f1d5bf41d9ab1bc8efb49f6ee') in 0.197968 seconds 
========================================================================
Received Import Request.
  Time since last request: 24.019079 seconds.
  path: Assets/EffectTexturesAndPrefabs/Materials/Fire_A.mat
  artifactKey: Guid(b465c451c01c117458142e3e46fe035b) Importer(815301076,1909f56bfc062723c751e8b465ee728b)
Start importing Assets/EffectTexturesAndPrefabs/Materials/Fire_A.mat using Guid(b465c451c01c117458142e3e46fe035b) Importer(815301076,1909f56bfc062723c751e8b465ee728b)  -> (artifact id: '5fbac015fedf6f931e037102907a7fd8') in 0.048133 seconds 
========================================================================
Received Import Request.
  Time since last request: 0.000048 seconds.
  path: Assets/EffectTexturesAndPrefabs/Materials/Smoke_explosion.mat
  artifactKey: Guid(8350849aae5998e4ca0f12fcd3e9c157) Importer(815301076,1909f56bfc062723c751e8b465ee728b)
Start importing Assets/EffectTexturesAndPrefabs/Materials/Smoke_explosion.mat using Guid(8350849aae5998e4ca0f12fcd3e9c157) Importer(815301076,1909f56bfc062723c751e8b465ee728b)  -> (artifact id: 'b468278fc46a5806eabb87cc3db61198') in 1.863673 seconds 
========================================================================
Received Import Request.
  Time since last request: 0.000058 seconds.
  path: Assets/EffectTexturesAndPrefabs/Materials/FireParticle_A.mat
  artifactKey: Guid(abc49fa8b01f5314c880641bc7c5986d) Importer(815301076,1909f56bfc062723c751e8b465ee728b)
Start importing Assets/EffectTexturesAndPrefabs/Materials/FireParticle_A.mat using Guid(abc49fa8b01f5314c880641bc7c5986d) Importer(815301076,1909f56bfc062723c751e8b465ee728b)  -> (artifact id: 'f18e41c66b7c7a42a3541c5af4fe138a') in 0.020236 seconds 
========================================================================
Received Import Request.
  Time since last request: 0.000077 seconds.
  path: Assets/EffectTexturesAndPrefabs/Materials/Star_A.mat
  artifactKey: Guid(aac8c2d15db78104ba4efcddca91ba0e) Importer(815301076,1909f56bfc062723c751e8b465ee728b)
Start importing Assets/EffectTexturesAndPrefabs/Materials/Star_A.mat using Guid(aac8c2d15db78104ba4efcddca91ba0e) Importer(815301076,1909f56bfc062723c751e8b465ee728b)  -> (artifact id: 'ae37ee1f460297847fa7e5c7316cf9b2') in 0.015853 seconds 
========================================================================
Received Import Request.
  Time since last request: 0.000031 seconds.
  path: Assets/EffectTexturesAndPrefabs/Materials/Star_B.mat
  artifactKey: Guid(19e0af29cd4638241944ed62aa8986fc) Importer(815301076,1909f56bfc062723c751e8b465ee728b)
Start importing Assets/EffectTexturesAndPrefabs/Materials/Star_B.mat using Guid(19e0af29cd4638241944ed62aa8986fc) Importer(815301076,1909f56bfc062723c751e8b465ee728b)  -> (artifact id: '2efcc471388ef0c30a1dc757d3642314') in 0.011941 seconds 
========================================================================
Received Import Request.
  Time since last request: 0.000023 seconds.
  path: Assets/EffectTexturesAndPrefabs/Materials/Slash.mat
  artifactKey: Guid(7ab6922abe596f14bbeacc00ae8c81be) Importer(815301076,1909f56bfc062723c751e8b465ee728b)
Start importing Assets/EffectTexturesAndPrefabs/Materials/Slash.mat using Guid(7ab6922abe596f14bbeacc00ae8c81be) Importer(815301076,1909f56bfc062723c751e8b465ee728b)  -> (artifact id: 'd56abb45c81f64b10fddbb1e1c2c2f11') in 0.011791 seconds 
========================================================================
Received Import Request.
  Time since last request: 0.000039 seconds.
  path: Assets/EffectTexturesAndPrefabs/Materials/Smoke_thin.mat
  artifactKey: Guid(8764e26efc3afff4db4bfbabc8fd2043) Importer(815301076,1909f56bfc062723c751e8b465ee728b)
Start importing Assets/EffectTexturesAndPrefabs/Materials/Smoke_thin.mat using Guid(8764e26efc3afff4db4bfbabc8fd2043) Importer(815301076,1909f56bfc062723c751e8b465ee728b)  -> (artifact id: 'bf2f750da23a3b9a531a951cc52409ac') in 1.852110 seconds 
========================================================================
Received Import Request.
  Time since last request: 0.000045 seconds.
  path: Assets/EffectTexturesAndPrefabs/Prefabs/Plane.prefab
  artifactKey: Guid(d1fbff3227e65a143b2f53a6f47faaca) Importer(815301076,1909f56bfc062723c751e8b465ee728b)
Start importing Assets/EffectTexturesAndPrefabs/Prefabs/Plane.prefab using Guid(d1fbff3227e65a143b2f53a6f47faaca) Importer(815301076,1909f56bfc062723c751e8b465ee728b)  -> (artifact id: 'e590e8c32e92e45bf7c05e6713bc9594') in 0.016480 seconds 
========================================================================
Received Import Request.
  Time since last request: 0.000053 seconds.
  path: Assets/EffectTexturesAndPrefabs/Prefabs/MuzzleFlash.prefab
  artifactKey: Guid(9bf79f2d846a57440a981c168c87c617) Importer(815301076,1909f56bfc062723c751e8b465ee728b)
Start importing Assets/EffectTexturesAndPrefabs/Prefabs/MuzzleFlash.prefab using Guid(9bf79f2d846a57440a981c168c87c617) Importer(815301076,1909f56bfc062723c751e8b465ee728b)  -> (artifact id: '0fe21359cf226c7e1205e96a8a641ecd') in 0.179329 seconds 
========================================================================
Received Import Request.
  Time since last request: 0.000025 seconds.
  path: Assets/EffectTexturesAndPrefabs/Prefabs/smoke_thin.prefab
  artifactKey: Guid(b07739ad126c6ff46875821c2a3cd124) Importer(815301076,1909f56bfc062723c751e8b465ee728b)
Start importing Assets/EffectTexturesAndPrefabs/Prefabs/smoke_thin.prefab using Guid(b07739ad126c6ff46875821c2a3cd124) Importer(815301076,1909f56bfc062723c751e8b465ee728b)  -> (artifact id: '48c71246eac7e00874b4898f3e1bbe20') in 0.014981 seconds 
========================================================================
Received Import Request.
  Time since last request: 0.000034 seconds.
  path: Assets/EffectTexturesAndPrefabs/Prefabs/HitEffect_A.prefab
  artifactKey: Guid(643639841fb531e4ba8097fed4eb9ac7) Importer(815301076,1909f56bfc062723c751e8b465ee728b)
Start importing Assets/EffectTexturesAndPrefabs/Prefabs/HitEffect_A.prefab using Guid(643639841fb531e4ba8097fed4eb9ac7) Importer(815301076,1909f56bfc062723c751e8b465ee728b)  -> (artifact id: '72f4aeb642ead65ad7cb9b7b62a1fdc9') in 0.015074 seconds 
========================================================================
Received Import Request.
  Time since last request: 0.000052 seconds.
  path: Assets/EffectTexturesAndPrefabs/Prefabs/ShockWave.prefab
  artifactKey: Guid(5cbc537826220e04592d5a41a0dd985f) Importer(815301076,1909f56bfc062723c751e8b465ee728b)
Start importing Assets/EffectTexturesAndPrefabs/Prefabs/ShockWave.prefab using Guid(5cbc537826220e04592d5a41a0dd985f) Importer(815301076,1909f56bfc062723c751e8b465ee728b)  -> (artifact id: 'dd5f38525ee57c9c7472cf1ea97b7386') in 0.015493 seconds 
========================================================================
Received Import Request.
  Time since last request: 0.000055 seconds.
  path: Assets/EffectTexturesAndPrefabs/Prefabs/Star_A.prefab
  artifactKey: Guid(cc461484bcafc664fb68be84c1fc6860) Importer(815301076,1909f56bfc062723c751e8b465ee728b)
Start importing Assets/EffectTexturesAndPrefabs/Prefabs/Star_A.prefab using Guid(cc461484bcafc664fb68be84c1fc6860) Importer(815301076,1909f56bfc062723c751e8b465ee728b)  -> (artifact id: 'a9d4e92723783055e21a03b62e6ac2af') in 0.013556 seconds 
========================================================================
Received Import Request.
  Time since last request: 0.000020 seconds.
  path: Assets/EffectTexturesAndPrefabs/Prefabs/Fire_B.prefab
  artifactKey: Guid(83f5e574addfb424ebd95bbb8ff8b080) Importer(815301076,1909f56bfc062723c751e8b465ee728b)
Start importing Assets/EffectTexturesAndPrefabs/Prefabs/Fire_B.prefab using Guid(83f5e574addfb424ebd95bbb8ff8b080) Importer(815301076,1909f56bfc062723c751e8b465ee728b)  -> (artifact id: '8d30f6596b80cd18cae15b2721b8fdb9') in 0.013558 seconds 
========================================================================
Received Import Request.
  Time since last request: 0.000027 seconds.
  path: Assets/EffectTexturesAndPrefabs/Prefabs/HitEffect_B.prefab
  artifactKey: Guid(3fe0df07025a3e747855b1bb671fc04e) Importer(815301076,1909f56bfc062723c751e8b465ee728b)
Start importing Assets/EffectTexturesAndPrefabs/Prefabs/HitEffect_B.prefab using Guid(3fe0df07025a3e747855b1bb671fc04e) Importer(815301076,1909f56bfc062723c751e8b465ee728b)  -> (artifact id: '37f7e217711adb49e72a75d95b757bee') in 0.019299 seconds 
========================================================================
Received Import Request.
  Time since last request: 0.000039 seconds.
  path: Assets/EffectTexturesAndPrefabs/Prefabs/Cube.prefab
  artifactKey: Guid(3db9e95faad829f4b953f712b1811fc5) Importer(815301076,1909f56bfc062723c751e8b465ee728b)
Start importing Assets/EffectTexturesAndPrefabs/Prefabs/Cube.prefab using Guid(3db9e95faad829f4b953f712b1811fc5) Importer(815301076,1909f56bfc062723c751e8b465ee728b)  -> (artifact id: 'd0e06fd899ea6bd03edac93010c7f0e2') in 0.016524 seconds 
========================================================================
Received Import Request.
  Time since last request: 0.000034 seconds.
  path: Assets/EffectTexturesAndPrefabs/Prefabs/Spark.prefab
  artifactKey: Guid(18c0a8b63ea8b4448a595b0c24c1384a) Importer(815301076,1909f56bfc062723c751e8b465ee728b)
Start importing Assets/EffectTexturesAndPrefabs/Prefabs/Spark.prefab using Guid(18c0a8b63ea8b4448a595b0c24c1384a) Importer(815301076,1909f56bfc062723c751e8b465ee728b)  -> (artifact id: '61652f411be95c7923e0659ca0ccf3cc') in 0.054887 seconds 
Editor requested this worker to shutdown with reason: Scaling down because of idle timeout
AssetImportWorker is now disconnected from the server
Process exiting
Exiting without the bug reporter. Application will terminate with return code 0